<?xml version="1.0" encoding="UTF-8"?>
<!-- Generated by org.testng.reporters.JUnitReportReporter -->
<testsuite hostname="DESKTOP-QUCBIS3" failures="0" tests="6" name="test.Class3" time="0.077" errors="0" timestamp="2024-05-28T18:02:02 IST" skipped="0">
  <testcase classname="test.Class3" name="RestAPILoginbCarLoan" time="0.018"/>
  <system-out/>
  <testcase classname="test.Class3" name="RestAPILoginbCarLoan" time="0.022"/>
  <system-out/>
  <testcase classname="test.Class3" name="RestAPILoginbCarLoan" time="0.008"/>
  <system-out/>
  <testcase classname="test.Class3" name="Smoke2" time="0.010"/>
  <system-out/>
  <testcase classname="test.Class3" name="APILoginbCarLoan" time="0.008"/>
  <system-out/>
  <testcase classname="test.Class3" name="WebLoginCarLOan" time="0.011"/>
  <system-out/>
</testsuite> <!-- test.Class3 -->
