<?xml version="1.0" encoding="UTF-8"?>
<!-- Generated by org.testng.reporters.JUnitReportReporter -->
<testsuite hostname="DESKTOP-QUCBIS3" failures="0" tests="2" name="test.Class1" time="0.014" errors="0" timestamp="2024-05-28T18:02:02 IST" skipped="1">
  <testcase classname="test.Class1" name="SecondTest" time="0.014"/>
  <system-out/>
  <testcase classname="test.Class1" name="Demo">
    <skipped/>
  </testcase> <!-- Demo -->
  <system-out/>
</testsuite> <!-- test.Class1 -->
