<?xml version="1.0" encoding="UTF-8"?>
<!-- Generated by org.testng.reporters.JUnitReportReporter -->
<testsuite hostname="DESKTOP-QUCBIS3" failures="0" tests="1" name="test.Class5" time="0.005" errors="0" timestamp="2024-05-28T18:02:02 IST" skipped="0">
  <testcase classname="test.Class5" name="WebLoginEducationLOan" time="0.005"/>
  <system-out/>
</testsuite> <!-- test.Class5 -->
