<?xml version="1.0" encoding="UTF-8"?>
<!-- Generated by org.testng.reporters.JUnitReportReporter -->
<testsuite hostname="DESKTOP-QUCBIS3" failures="0" tests="4" name="test.Class4" time="0.049" errors="0" timestamp="2024-05-28T18:02:02 IST" skipped="0">
  <testcase classname="test.Class4" name="APILoginbHomeLoan" time="0.004"/>
  <system-out/>
  <testcase classname="test.Class4" name="Smoke3" time="0.008"/>
  <system-out/>
  <testcase classname="test.Class4" name="MobileLoginbHomeLoan" time="0.016"/>
  <system-out/>
  <testcase classname="test.Class4" name="WebLoginHomeLOan" time="0.021"/>
  <system-out/>
</testsuite> <!-- test.Class4 -->
